Arguments: 
  /home/maria/.nvm/versions/node/v14.17.5/bin/node /home/maria/.nvm/versions/node/v14.17.5/bin/yarn install

PATH: 
  /home/maria/.local/share/zinit/polaris/bin:/home/maria/.asdf/shims:/home/maria/.asdf/bin:/home/maria/.nvm/versions/node/v14.17.5/bin:/usr/local/sbin:/usr/local/bin:/usr/sbin:/usr/bin:/sbin:/bin:/usr/games:/usr/local/games:/snap/bin:/home/maria/.yarn/bin

Yarn version: 
  1.22.17

Node version: 
  14.17.5

Platform: 
  linux x64

Trace: 
  SyntaxError: /home/maria/Q4/entregas/kenzify/q4-sprint1-kenzify-Maria-baia/package.json: Unexpected end of JSON input
      at JSON.parse (<anonymous>)
      at /home/maria/.nvm/versions/node/v14.17.5/lib/node_modules/yarn/lib/cli.js:1625:59
      at Generator.next (<anonymous>)
      at step (/home/maria/.nvm/versions/node/v14.17.5/lib/node_modules/yarn/lib/cli.js:310:30)
      at /home/maria/.nvm/versions/node/v14.17.5/lib/node_modules/yarn/lib/cli.js:321:13

npm manifest: 
  

yarn manifest: 
  No manifest

Lockfile: 
  
